<?xml version="1.0" encoding="UTF-8" ?>
<testsuite tests="16" failures="0" name="com.aca.streams.sales.OrderStatsTest" time="0.024" errors="0" skipped="0">
  <properties>
[...]
</properties>
  <testcase classname="com.aca.streams.sales.OrderStatsTest" name="task1Test1" time="0.006"/>
  <testcase classname="com.aca.streams.sales.OrderStatsTest" name="task1Test2" time="0"/>
  <testcase classname="com.aca.streams.sales.OrderStatsTest" name="task1Test3" time="0.001"/>
  <testcase classname="com.aca.streams.sales.OrderStatsTest" name="task2Test1" time="0.001"/>
  <testcase classname="com.aca.streams.sales.OrderStatsTest" name="task2Test2" time="0.001"/>
  <testcase classname="com.aca.streams.sales.OrderStatsTest" name="task3Test1" time="0.002"/>
  <testcase classname="com.aca.streams.sales.OrderStatsTest" name="task3Test2" time="0"/>
  <testcase classname="com.aca.streams.sales.OrderStatsTest" name="task4Test1" time="0.004"/>
  <testcase classname="com.aca.streams.sales.OrderStatsTest" name="task5Test1" time="0.002"/>
  <testcase classname="com.aca.streams.sales.OrderStatsTest" name="task5Test2" time="0"/>
  <testcase classname="com.aca.streams.sales.OrderStatsTest" name="task5Test3" time="0"/>
  <testcase classname="com.aca.streams.sales.OrderStatsTest" name="task6Test1" time="0.005"/>
  <testcase classname="com.aca.streams.sales.OrderStatsTest" name="task6Test2" time="0.001"/>
  <testcase classname="com.aca.streams.sales.OrderStatsTest" name="task6Test3" time="0"/>
  <testcase classname="com.aca.streams.sales.OrderStatsTest" name="task6Test4" time="0.001"/>
  <testcase classname="com.aca.streams.sales.OrderStatsTest" name="task6Test5" time="0"/>
</testsuite>